#
# There is insufficient memory for the Java Runtime Environment to continue.
# Native memory allocation (malloc) failed to allocate 1048576 bytes for AllocateHeap
# Possible reasons:
#   The system is out of physical RAM or swap space
#   In 32 bit mode, the process size limit was hit
# Possible solutions:
#   Reduce memory load on the system
#   Increase physical memory or swap space
#   Check if swap backing store is full
#   Use 64 bit Java on a 64 bit OS
#   Decrease Java heap size (-Xmx/-Xms)
#   Decrease number of Java threads
#   Decrease Java thread stack sizes (-Xss)
#   Set larger code cache with -XX:ReservedCodeCacheSize=
# This output file may be truncated or incomplete.
#
#  Out of Memory Error (memory/allocation.inline.hpp:61), pid=36256, tid=0x00000000000073dc
#
# JRE version:  (8.0_152-b16) (build )
# Java VM: Java HotSpot(TM) 64-Bit Server VM (25.152-b16 mixed mode windows-amd64 compressed oops)
# Failed to write core dump. Minidumps are not enabled by default on client versions of Windows
#

---------------  T H R E A D  ---------------

Current thread (0x00000000022fe800):  JavaThread "Unknown thread" [_thread_in_vm, id=29660, stack(0x0000000002760000,0x0000000002860000)]

Stack: [0x0000000002760000,0x0000000002860000]
[error occurred during error reporting (printing stack bounds), id 0xc0000005]

Native frames: (J=compiled Java code, j=interpreted, Vv=VM code, C=native code)


---------------  P R O C E S S  ---------------

Java Threads: ( => current thread )

Other Threads:

=>0x00000000022fe800 (exited) JavaThread "Unknown thread" [_thread_in_vm, id=29660, stack(0x0000000002760000,0x0000000002860000)]

VM state:not at safepoint (normal execution)

VM Mutex/Monitor currently owned by a thread: None

Heap:
 PSYoungGen      total 73728K, used 1269K [0x000000076e000000, 0x0000000773200000, 0x00000007c0000000)
  eden space 63488K, 2% used [0x000000076e000000,0x000000076e13d718,0x0000000771e00000)
  from space 10240K, 0% used [0x0000000772800000,0x0000000772800000,0x0000000773200000)
  to   space 10240K, 0% used [0x0000000771e00000,0x0000000771e00000,0x0000000772800000)
 ParOldGen       total 167936K, used 0K [0x00000006ca000000, 0x00000006d4400000, 0x000000076e000000)
  object space 167936K, 0% used [0x00000006ca000000,0x00000006ca000000,0x00000006d4400000)
 Metaspace       used 746K, capacity 4480K, committed 4480K, reserved 1056768K
  class space    used 75K, capacity 384K, committed 384K, reserved 1048576K

Card table byte_map: [0x0000000011d20000,0x00000000124e0000] byte_map_base: 0x000000000e6d0000

Marking Bits: (ParMarkBitMap*) 0x0000000069470860
 Begin Bits: [0x0000000013700000, 0x0000000017480000)
 End Bits:   [0x0000000017480000, 0x000000001b200000)

Polling page: 0x0000000002290000

CodeCache: size=245760Kb used=327Kb max_used=327Kb free=245432Kb
 bounds [0x0000000002960000, 0x0000000002bd0000, 0x0000000011960000]
 total_blobs=57 nmethods=0 adapters=38
 compilation: enabled

Compilation events (0 events):
No events

GC Heap History (0 events):
No events

Deoptimization events (0 events):
No events

Classes redefined (0 events):
No events

Internal exceptions (0 events):
No events

Events (10 events):
Event: 0.020 loading class java/lang/Short
Event: 0.020 loading class java/lang/Short done
Event: 0.020 loading class java/lang/Integer
Event: 0.020 loading class java/lang/Integer done
Event: 0.020 loading class java/lang/Long
Event: 0.020 loading class java/lang/Long done
Event: 0.021 loading class java/lang/NullPointerException
Event: 0.021 loading class java/lang/NullPointerException done
Event: 0.021 loading class java/lang/ArithmeticException
Event: 0.021 loading class java/lang/ArithmeticException done


Dynamic libraries:
0x00007ff77cb20000 - 0x00007ff77cb57000 	C:\ProgramData\Oracle\Java\javapath\java.exe
0x00007ffe79910000 - 0x00007ffe79b05000 	C:\WINDOWS\SYSTEM32\ntdll.dll
0x00007ffe77af0000 - 0x00007ffe77bae000 	C:\WINDOWS\System32\KERNEL32.DLL
0x00007ffe77060000 - 0x00007ffe77328000 	C:\WINDOWS\System32\KERNELBASE.dll
0x00007ffe79320000 - 0x00007ffe793ce000 	C:\WINDOWS\System32\ADVAPI32.dll
0x00007ffe77bb0000 - 0x00007ffe77c4e000 	C:\WINDOWS\System32\msvcrt.dll
0x00007ffe78320000 - 0x00007ffe783bc000 	C:\WINDOWS\System32\sechost.dll
0x00007ffe77990000 - 0x00007ffe77ab5000 	C:\WINDOWS\System32\RPCRT4.dll
0x00007ffe78090000 - 0x00007ffe78230000 	C:\WINDOWS\System32\USER32.dll
0x00007ffe775a0000 - 0x00007ffe775c2000 	C:\WINDOWS\System32\win32u.dll
0x00007ffe77ac0000 - 0x00007ffe77aeb000 	C:\WINDOWS\System32\GDI32.dll
0x00007ffe77490000 - 0x00007ffe7759b000 	C:\WINDOWS\System32\gdi32full.dll
0x00007ffe77690000 - 0x00007ffe7772d000 	C:\WINDOWS\System32\msvcp_win.dll
0x00007ffe77730000 - 0x00007ffe77830000 	C:\WINDOWS\System32\ucrtbase.dll
0x00007ffe65f30000 - 0x00007ffe661ca000 	C:\WINDOWS\WinSxS\amd64_microsoft.windows.common-controls_6595b64144ccf1df_6.0.19041.1110_none_60b5254171f9507e\COMCTL32.dll
0x00007ffe78e70000 - 0x00007ffe78ea0000 	C:\WINDOWS\System32\IMM32.DLL
0x0000000069b00000 - 0x0000000069bd2000 	D:\software\jdk\demo\bin\msvcr100.dll
0x0000000068c50000 - 0x00000000694f0000 	D:\software\jdk\demo\bin\server\jvm.dll
0x00007ffe78240000 - 0x00007ffe78248000 	C:\WINDOWS\System32\PSAPI.DLL
0x00007ffe6d160000 - 0x00007ffe6d169000 	C:\WINDOWS\SYSTEM32\WSOCK32.dll
0x00007ffe6d100000 - 0x00007ffe6d127000 	C:\WINDOWS\SYSTEM32\WINMM.dll
0x00007ffe705e0000 - 0x00007ffe705ea000 	C:\WINDOWS\SYSTEM32\VERSION.dll
0x00007ffe77c50000 - 0x00007ffe77cbb000 	C:\WINDOWS\System32\WS2_32.dll
0x0000000069af0000 - 0x0000000069aff000 	D:\software\jdk\demo\bin\verify.dll
0x0000000069ac0000 - 0x0000000069ae9000 	D:\software\jdk\demo\bin\java.dll
0x0000000069aa0000 - 0x0000000069ab6000 	D:\software\jdk\demo\bin\zip.dll

VM Arguments:
jvm_args: -Dfile.encoding=UTF-8 
java_command: Main
java_class_path (initial): .
Launcher Type: SUN_STANDARD

Environment Variables:
PATH=D:\software\gurobi\win64\bin;D:\software\xftp\;C:\ProgramData\Oracle\Java\javapath;C:\CTeX\LOCALT~1\ty\bin;C:\CTeX\LOCALT~1\cct\bin;D:\software\miktex\miktex\bin\x64\;C:\CTeX\texmf\miktex\bin;C:\CTeX\gs\gs8.51\bin;C:\CTeX\WinEdt;D:\Program Files (x86)\NVIDIA GPU Computing Toolkit\CUDA\v11.1\bin;D:\Program Files (x86)\NVIDIA GPU Computing Toolkit\CUDA\v11.1\libnvvp;D:\software\xshell\;C:\Windows\system32;C:\Windows;C:\Windows\System32\Wbem;C:\Windows\System32\WindowsPowerShell\v1.0\;C:\Windows\System32\OpenSSH\;C:\Program Files (x86)\NVIDIA Corporation\PhysX\Common;C:\Program Files\NVIDIA Corporation\NVIDIA NvDLISR;D:\software\spss\JRE\bin;D:\software\nodejs\;D:\software\anaconda\envs\tensorflow\Scripts;D:\software\jdk\bin;D:\software\jdk\demo\bin;D:\blogs\bin;D:\software\Git LFS;C:\WINDOWS\system32;C:\WINDOWS;C:\WINDOWS\System32\Wbem;C:\WINDOWS\System32\WindowsPowerShell\v1.0\;C:\WINDOWS\System32\OpenSSH\;D:\software\Git\cmd;D:\software\matlab\runtime\win64;D:\software\matlab\bin;D:\software\matlab\polyspace\bin;D:\software\Microsoft VS Code\bin;D:\software\anaconda\Scripts;D:\software\anaconda\bin;D:\software\cmder;D:\Program Files (x86)\NVIDIA GPU Computing Toolkit\CUDA\v11.1\bin;D:\Program Files (x86)\NVIDIA GPU Computing Toolkit\CUDA\v11.1\lib\Win32;D:\ProgramData\NVIDIA Corporation\CUDASamples\bin;D:\ProgramData\NVIDIA Corporation\CUDASamples\common\lib\x64;D:\software\anaconda\envs\tensorflow\Scripts;C:\Users\wyb\AppData\Local\Microsoft\WindowsApps;D:\software\Graphviz\bin;C:\Users\wyb\AppData\Roaming\npm;C:\Users\wyb\AppData\Local\Microsoft\WindowsApps;D:\software\gradle-7.2-all\gradle-7.2\bin;D:\software\mysql-5.6.40-winx64\bin;D:\software\CodeBlocks\MinGW\bin;;D:\software\Fiddler
USERNAME=wyb
OS=Windows_NT
PROCESSOR_IDENTIFIER=AMD64 Family 23 Model 96 Stepping 1, AuthenticAMD



---------------  S Y S T E M  ---------------

OS: Windows 10.0 , 64 bit Build 19041 (10.0.19041.1566)

CPU:total 16 (initial active 16) (16 cores per cpu, 1 threads per core) family 23 model 96 stepping 1, cmov, cx8, fxsr, mmx, sse, sse2, sse3, ssse3, sse4.1, sse4.2, popcnt, avx, avx2, aes, clmul, mmxext, 3dnowpref, lzcnt, sse4a, tsc, tscinvbit, tscinv, bmi1

Memory: 4k page, physical 16119108k(4744768k free), swap 20092588k(5348k free)

vm_info: Java HotSpot(TM) 64-Bit Server VM (25.152-b16) for windows-amd64 JRE (1.8.0_152-b16), built on Sep 14 2017 02:29:36 by "java_re" with MS VC++ 10.0 (VS2010)

time: Mon Apr 04 11:55:14 2022
elapsed time: 0 seconds (0d 0h 0m 0s)

